liveVideoBroadcasterSDK/build/intermediates/manifest_merge_blame_file/debug/manifest-merger-blame-debug-report.txt
1<?xml version="1.0" encoding="utf-8"?>
2<manifest xmlns:android="http://schemas.android.com/apk/res/android"
3    package="io.antmedia.android" >
4
5    <uses-sdk
6        android:minSdkVersion="26"
6-->src/main/AndroidManifest.xml
7        android:targetSdkVersion="33" />
7-->src/main/AndroidManifest.xml
8
9    <uses-permission android:name="android.permission.RECORD_AUDIO" />
9-->src/main/AndroidManifest.xml:2:5-71
9-->src/main/AndroidManifest.xml:2:22-68
10    <uses-permission android:name="android.permission.ACCESS_NETWORK_STATE" />
10-->src/main/AndroidManifest.xml:3:5-79
10-->src/main/AndroidManifest.xml:3:22-76
11
12    <application
12-->src/main/AndroidManifest.xml:5:5-8:19
13        android:allowBackup="true"
13-->src/main/AndroidManifest.xml:5:18-44
14        android:label="@string/app_name"
14-->src/main/AndroidManifest.xml:5:45-77
15        android:supportsRtl="true" >
15-->src/main/AndroidManifest.xml:6:9-35
16    </application>
17
18</manifest>